<?xml version="1.0" encoding="UTF-8"?>
<!-- Generated by org.testng.reporters.JUnitXMLReporter -->
<testsuite ignored="8" hostname="DESKTOP-C2OQM8E" failures="0" tests="1" name="Default test" time="7.267" errors="0" timestamp="2022-04-21T18:26:09 EDT">
  <testcase classname="pack4.J5_PratiqueWebDriver" name="explicitWaitMechanism" time="7.239"/>
  <testcase classname="pack4.J5_PratiqueWebDriver" name="takeScreenShotandReport" time="0.0">
    <ignored/>
  </testcase> <!-- takeScreenShotandReport -->
  <testcase classname="pack4.J5_PratiqueWebDriver" name="findMultipleElementsMethod" time="0.0">
    <ignored/>
  </testcase> <!-- findMultipleElementsMethod -->
  <testcase classname="pack4.J5_PratiqueWebDriver" name="handleMultipleWindows" time="0.0">
    <ignored/>
  </testcase> <!-- handleMultipleWindows -->
  <testcase classname="pack4.J5_PratiqueWebDriver" name="getDNavigatorClass" time="0.0">
    <ignored/>
  </testcase> <!-- getDNavigatorClass -->
  <testcase classname="pack4.J5_PratiqueWebDriver" name="getDifferentValues" time="0.0">
    <ignored/>
  </testcase> <!-- getDifferentValues -->
  <testcase classname="pack4.J5_PratiqueWebDriver" name="findMultipleElementsMethod2" time="0.0">
    <ignored/>
  </testcase> <!-- findMultipleElementsMethod2 -->
  <testcase classname="pack4.J5_PratiqueWebDriver" name="implicitlyWaitMechanism" time="0.0">
    <ignored/>
  </testcase> <!-- implicitlyWaitMechanism -->
  <testcase classname="pack4.J5_PratiqueWebDriver" name="navigateMethod" time="0.0">
    <ignored/>
  </testcase> <!-- navigateMethod -->
</testsuite> <!-- Default test -->
